Сборка начата 11.01.2025 19:59:11.
Уровень детализации журнала: Normal.     1>Проект "C:\Users\admin\Documents\уник\3 СЕМ\АИСД\lab_4\lab_4\lab_4\lab_4.vcxproj" в узле 2 (целевые объекты Build).
     1>PrepareForBuild:
         Структурированный вывод включен. Форматирование диагностики компилятора будет отражать иерархию ошибок. Подробнее см. https://aka.ms/cpp/structured-output.
       InitializeBuildStatus:
         Создание "x64\Debug\lab_4.tlog\unsuccessfulbuild", так как было задано "AlwaysCreate".
         Обращение к "x64\Debug\lab_4.tlog\unsuccessfulbuild".
       ClCompile:
         C:\Program Files\Microsoft Visual Studio\2022\Community\VC\Tools\MSVC\14.38.33130\bin\HostX64\x64\CL.exe /c /ZI /JMC /nologo /W3 /WX- /diagnostics:column /sdl /Od /D _DEBUG /D _CONSOLE /D _UNICODE /D UNICODE /Gm- /EHsc /RTC1 /MDd /GS /fp:precise /Zc:wchar_t /Zc:forScope /Zc:inline /permissive- /Fo"x64\Debug\\" /Fd"x64\Debug\vc143.pdb" /external:W3 /Gd /TP /FC /errorReport:prompt lab_4.cpp
         lab_4.cpp
     1>C:\Users\admin\Documents\уник\3 СЕМ\АИСД\lab_4\lab_4\lab_4\lab_4.cpp(5,17): warning C4305: инициализация: усечение из "__int64" в "int"
     1>C:\Users\admin\Documents\уник\3 СЕМ\АИСД\lab_4\lab_4\lab_4\lab_4.cpp(5,17): warning C4309: инициализация: усечение константного значения
     1>C:\Users\admin\Documents\уник\3 СЕМ\АИСД\lab_4\lab_4\lab_4\lab_4.cpp(8,11): warning C4267: инициализация: преобразование из "size_t" в "int"; возможна потеря данных
     1>C:\Users\admin\Documents\уник\3 СЕМ\АИСД\lab_4\lab_4\lab_4\lab_4.cpp(23,11): warning C4267: инициализация: преобразование из "size_t" в "int"; возможна потеря данных
       Link:
         C:\Program Files\Microsoft Visual Studio\2022\Community\VC\Tools\MSVC\14.38.33130\bin\HostX64\x64\link.exe /ERRORREPORT:PROMPT /OUT:"C:\Users\admin\Documents\уник\3 СЕМ\АИСД\lab_4\lab_4\x64\Debug\lab_4.exe" /INCREMENTAL /ILK:"x64\Debug\lab_4.ilk" /NOLOGO kernel32.lib user32.lib gdi32.lib winspool.lib comdlg32.lib advapi32.lib shell32.lib ole32.lib oleaut32.lib uuid.lib odbc32.lib odbccp32.lib /MANIFEST /MANIFESTUAC:"level='asInvoker' uiAccess='false'" /manifest:embed /DEBUG /PDB:"C:\Users\admin\Documents\уник\3 СЕМ\АИСД\lab_4\lab_4\x64\Debug\lab_4.pdb" /SUBSYSTEM:CONSOLE /TLBID:1 /DYNAMICBASE /NXCOMPAT /IMPLIB:"C:\Users\admin\Documents\уник\3 СЕМ\АИСД\lab_4\lab_4\x64\Debug\lab_4.lib" /MACHINE:X64 x64\Debug\lab_4.obj
         lab_4.vcxproj -> C:\Users\admin\Documents\уник\3 СЕМ\АИСД\lab_4\lab_4\x64\Debug\lab_4.exe
       FinalizeBuildStatus:
         Файл "x64\Debug\lab_4.tlog\unsuccessfulbuild" удаляется.
         Обращение к "x64\Debug\lab_4.tlog\lab_4.lastbuildstate".
     1>Сборка проекта "C:\Users\admin\Documents\уник\3 СЕМ\АИСД\lab_4\lab_4\lab_4\lab_4.vcxproj" завершена (целевые объекты Build).

Сборка успешно завершена.

       "C:\Users\admin\Documents\уник\3 СЕМ\АИСД\lab_4\lab_4\lab_4\lab_4.vcxproj" (целевой объект Build ) (1) ->
       (Целевой объект ClCompile) -> 
         C:\Users\admin\Documents\уник\3 СЕМ\АИСД\lab_4\lab_4\lab_4\lab_4.cpp(5,17): warning C4305: инициализация: усечение из "__int64" в "int"
         C:\Users\admin\Documents\уник\3 СЕМ\АИСД\lab_4\lab_4\lab_4\lab_4.cpp(5,17): warning C4309: инициализация: усечение константного значения
         C:\Users\admin\Documents\уник\3 СЕМ\АИСД\lab_4\lab_4\lab_4\lab_4.cpp(8,11): warning C4267: инициализация: преобразование из "size_t" в "int"; возможна потеря данных
         C:\Users\admin\Documents\уник\3 СЕМ\АИСД\lab_4\lab_4\lab_4\lab_4.cpp(23,11): warning C4267: инициализация: преобразование из "size_t" в "int"; возможна потеря данных

    Предупреждений: 4
    Ошибок: 0

Прошло времени 00:00:01.32
