Сборка начата 30.12.2024 14:05:53.
Уровень детализации журнала: Normal.     1>Проект "C:\Users\admin\Documents\уник\3 СЕМ\АИСД\lab_10\lab_10\lab_10\lab_10.vcxproj" в узле 2 (целевые объекты Build).
     1>PrepareForBuild:
         Структурированный вывод включен. Форматирование диагностики компилятора будет отражать иерархию ошибок. Подробнее см. https://aka.ms/cpp/structured-output.
       InitializeBuildStatus:
         Создание "x64\Debug\lab_10.tlog\unsuccessfulbuild", так как было задано "AlwaysCreate".
         Обращение к "x64\Debug\lab_10.tlog\unsuccessfulbuild".
       ClCompile:
         C:\Program Files\Microsoft Visual Studio\2022\Community\VC\Tools\MSVC\14.38.33130\bin\HostX64\x64\CL.exe /c /ZI /JMC /nologo /W3 /WX- /diagnostics:column /sdl /Od /D _DEBUG /D _CONSOLE /D _UNICODE /D UNICODE /Gm- /EHsc /RTC1 /MDd /GS /fp:precise /Zc:wchar_t /Zc:forScope /Zc:inline /permissive- /Fo"x64\Debug\\" /Fd"x64\Debug\vc143.pdb" /external:W3 /Gd /TP /FC /errorReport:prompt lab_10.cpp
         lab_10.cpp
     1>C:\Users\admin\Documents\уник\3 СЕМ\АИСД\lab_10\lab_10\lab_10\lab_10.cpp(14,22): warning C4305: инициализация: усечение из "double" в "float"
     1>C:\Users\admin\Documents\уник\3 СЕМ\АИСД\lab_10\lab_10\lab_10\lab_10.cpp(55,31): warning C4305: инициализация: усечение из "double" в "const float"
     1>C:\Users\admin\Documents\уник\3 СЕМ\АИСД\lab_10\lab_10\lab_10\lab_10.cpp(67,32): warning C4244: инициализация: преобразование "int" в "float", возможна потеря данных
     1>C:\Users\admin\Documents\уник\3 СЕМ\АИСД\lab_10\lab_10\lab_10\lab_10.cpp(168,15): warning C4244: аргумент: преобразование "time_t" в "unsigned int", возможна потеря данных
       Link:
         C:\Program Files\Microsoft Visual Studio\2022\Community\VC\Tools\MSVC\14.38.33130\bin\HostX64\x64\link.exe /ERRORREPORT:PROMPT /OUT:"C:\Users\admin\Documents\уник\3 СЕМ\АИСД\lab_10\lab_10\x64\Debug\lab_10.exe" /INCREMENTAL /ILK:"x64\Debug\lab_10.ilk" /NOLOGO kernel32.lib user32.lib gdi32.lib winspool.lib comdlg32.lib advapi32.lib shell32.lib ole32.lib oleaut32.lib uuid.lib odbc32.lib odbccp32.lib /MANIFEST /MANIFESTUAC:"level='asInvoker' uiAccess='false'" /manifest:embed /DEBUG /PDB:"C:\Users\admin\Documents\уник\3 СЕМ\АИСД\lab_10\lab_10\x64\Debug\lab_10.pdb" /SUBSYSTEM:CONSOLE /TLBID:1 /DYNAMICBASE /NXCOMPAT /IMPLIB:"C:\Users\admin\Documents\уник\3 СЕМ\АИСД\lab_10\lab_10\x64\Debug\lab_10.lib" /MACHINE:X64 x64\Debug\lab_10.obj
         lab_10.vcxproj -> C:\Users\admin\Documents\уник\3 СЕМ\АИСД\lab_10\lab_10\x64\Debug\lab_10.exe
       FinalizeBuildStatus:
         Файл "x64\Debug\lab_10.tlog\unsuccessfulbuild" удаляется.
         Обращение к "x64\Debug\lab_10.tlog\lab_10.lastbuildstate".
     1>Сборка проекта "C:\Users\admin\Documents\уник\3 СЕМ\АИСД\lab_10\lab_10\lab_10\lab_10.vcxproj" завершена (целевые объекты Build).

Сборка успешно завершена.

       "C:\Users\admin\Documents\уник\3 СЕМ\АИСД\lab_10\lab_10\lab_10\lab_10.vcxproj" (целевой объект Build ) (1) ->
       (Целевой объект ClCompile) -> 
         C:\Users\admin\Documents\уник\3 СЕМ\АИСД\lab_10\lab_10\lab_10\lab_10.cpp(14,22): warning C4305: инициализация: усечение из "double" в "float"
         C:\Users\admin\Documents\уник\3 СЕМ\АИСД\lab_10\lab_10\lab_10\lab_10.cpp(55,31): warning C4305: инициализация: усечение из "double" в "const float"
         C:\Users\admin\Documents\уник\3 СЕМ\АИСД\lab_10\lab_10\lab_10\lab_10.cpp(67,32): warning C4244: инициализация: преобразование "int" в "float", возможна потеря данных
         C:\Users\admin\Documents\уник\3 СЕМ\АИСД\lab_10\lab_10\lab_10\lab_10.cpp(168,15): warning C4244: аргумент: преобразование "time_t" в "unsigned int", возможна потеря данных

    Предупреждений: 4
    Ошибок: 0

Прошло времени 00:00:01.77
